C:\Users\Jeremy\OneDrive - Fulton County Schools\Documents\GitHub\datascience-rise-practicum\bill_arm\model.py:55: DtypeWarning: Columns (0: sponsor_in_majority) have mixed types. Specify dtype option on import or set low_memory=False.
  df = pd.read_csv(path)
C:\Users\Jeremy\AppData\Local\Python\pythoncore-3.14-64\Lib\site-packages\sklearn\linear_model\_logistic.py:599: ConvergenceWarning: lbfgs failed to converge after 2000 iteration(s) (status=1):
STOP: TOTAL NO. OF ITERATIONS REACHED LIMIT

Increase the number of iterations to improve the convergence (max_iter=2000).
You might also want to scale the data as shown in:
    https://scikit-learn.org/stable/modules/preprocessing.html
Please also refer to the documentation for alternative solver options:
    https://scikit-learn.org/stable/modules/linear_model.html#logistic-regression
  n_iter_i = _check_optimize_result(
Note: plain accuracy is not reported. ~3-4% of bills become law, so a model that always predicts 'dies' scores ~96% accuracy and has zero value. See PR-AUC, precision/recall on the passed class, and Brier score below.

======================================================================
MODEL 1: structural features only, all bills (research question 1)
======================================================================
train congresses [np.int64(108), np.int64(109), np.int64(110), np.int64(111), np.int64(112), np.int64(113), np.int64(114), np.int64(115), np.int64(116), np.int64(117)] (112213 bills, 0.0347 became law)
test  congresses [np.int64(118)] (16565 bills, 0.0165 became law)

=== Model 1 (structural): logistic_regression ===
PR-AUC 0.2796  (baseline / prevalence: 0.0165)
ROC-AUC 0.8555
Brier score 0.0145  (lower is better; naive-prevalence Brier: 0.0163)
best-F1 threshold 0.214 (chosen on this same set; report as descriptive, not tuned on a separate validation set)
              precision    recall  f1-score   support

        died       0.99      0.99      0.99     16291
  became_law       0.47      0.29      0.36       274

    accuracy                           0.98     16565
   macro avg       0.73      0.64      0.68     16565
weighted avg       0.98      0.98      0.98     16565

calibration curve (predicted vs. observed, 10 bins):
  predicted 0.004  observed 0.000
  predicted 0.007  observed 0.001
  predicted 0.010  observed 0.003
  predicted 0.013  observed 0.006
  predicted 0.017  observed 0.004
  predicted 0.022  observed 0.008
  predicted 0.028  observed 0.008
  predicted 0.037  observed 0.014
  predicted 0.055  observed 0.018
  predicted 0.129  observed 0.102

Top features pushing toward BECAME LAW:
word:as the                       7.236
word:2008                         5.086
word:act of                       4.996
word:date                         4.848
word:2010                         4.799
word:continuing appropriations    4.035
word:fiscal year                  3.981
word:further                      3.948
word:technical                    3.944
word:designation act              3.829
word:production act               3.781
word:appointment                  3.733
word:coin                         3.701
word:guard and                    3.619
word:appropriations act           3.609
word:the board                    3.521
word:facility                     3.464
word:tribe                        3.414
word:centennial                   3.396
word:airport                      3.356
dtype: float64

Top features pushing toward DIED:
word:or                  -4.149
word:violence            -4.088
word:of 2017             -3.727
word:amendment           -3.670
word:of 2011             -3.357
word:of 2019             -3.295
word:choice act          -3.294
word:domestic            -3.264
word:preservation act    -3.248
word:integrity act       -3.238
word:nation              -3.027
word:homeless veterans   -3.010
word:use of              -2.976
word:mitigation          -2.920
word:in america          -2.909
word:pilot program       -2.901
word:national heritage   -2.885
word:from                -2.846
word:workers             -2.823
word:maintenance         -2.810
dtype: float64

=== Model 1 (structural): gradient_boosting ===
PR-AUC 0.3937  (baseline / prevalence: 0.0165)
ROC-AUC 0.8969
Brier score 0.0136  (lower is better; naive-prevalence Brier: 0.0163)
best-F1 threshold 0.265 (chosen on this same set; report as descriptive, not tuned on a separate validation set)
              precision    recall  f1-score   support

        died       0.99      1.00      0.99     16291
  became_law       0.56      0.32      0.41       274

    accuracy                           0.98     16565
   macro avg       0.77      0.66      0.70     16565
weighted avg       0.98      0.98      0.98     16565

calibration curve (predicted vs. observed, 10 bins):
  predicted 0.004  observed 0.000
  predicted 0.005  observed 0.001
  predicted 0.006  observed 0.001
  predicted 0.008  observed 0.002
  predicted 0.011  observed 0.005
  predicted 0.014  observed 0.004
  predicted 0.020  observed 0.005
  predicted 0.031  observed 0.014
  predicted 0.049  observed 0.018
  predicted 0.133  observed 0.115

Top features by gradient-boosting importance:
word:as                                           0.1130
word:as the                                       0.0608
bipartisan                                        0.0215
has_companion_bill                                0.0161
word:duty on                                      0.0155
primary_committee_Finance Committee               0.0150
sponsor_in_majority                               0.0137
title_length                                      0.0121
word:revenue                                      0.0111
word:to                                           0.0103
word:appropriations                               0.0102
word:continuing                                   0.0099
primary_committee_unknown                         0.0099
policy_area_Government Operations and Politics    0.0098
word:extension act                                0.0089
word:2010                                         0.0082
word:extension                                    0.0082
policy_area_Native Americans                      0.0070
policy_area_Taxation                              0.0069
primary_committee_Ways and Means Committee        0.0066
dtype: float32
